current directory: /app/bundle/ruby/3.4.0/gems/pg-1.5.9/ext
/usr/local/bin/ruby extconf.rb
Calling libpq with GVL unlocked
checking for pg_config... no
checking for libpq per pkg-config... no
Using libpq from 
checking for libpq-fe.h... *** extconf.rb failed ***
Could not create Makefile due to some reason, probably lack of necessary
libraries and/or headers.  Check the mkmf.log file for more details.  You may
need configuration options.

Provided configuration options:
	--with-opt-dir
	--without-opt-dir
	--with-opt-include=${opt-dir}/include
	--without-opt-include
	--with-opt-lib=${opt-dir}/lib
	--without-opt-lib
	--with-make-prog
	--without-make-prog
	--srcdir=.
	--curdir
	--ruby=/usr/local/bin/$(RUBY_BASE_NAME)
	--with-pg
	--without-pg
	--enable-gvl-unlock
	--disable-gvl-unlock
	--enable-windows-cross
	--disable-windows-cross
	--with-pg-config
	--without-pg-config
	--with-pg_config
	--without-pg_config
	--with-libpq-dir
	--without-libpq-dir
	--with-libpq-include=${libpq-dir}/include
	--without-libpq-include
	--with-libpq-lib=${libpq-dir}/lib
	--without-libpq-lib
	--with-libpq-config
	--without-libpq-config
	--with-pkg-config
	--without-pkg-config
	--with-pg-dir
	--without-pg-dir
	--with-pg-include=${pg-dir}/include
	--without-pg-include
	--with-pg-lib=${pg-dir}/lib
	--without-pg-lib
/usr/local/lib/ruby/3.4.0/mkmf.rb:528:in 'MakeMakefile#try_do': The compiler failed to generate an executable file. (RuntimeError)
You have to install development tools first.

	from /usr/local/lib/ruby/3.4.0/mkmf.rb:655:in 'MakeMakefile#try_compile'
	from /usr/local/lib/ruby/3.4.0/mkmf.rb:1295:in 'block in MakeMakefile#find_header'
	from /usr/local/lib/ruby/3.4.0/mkmf.rb:1070:in 'block in MakeMakefile#checking_for'
	from /usr/local/lib/ruby/3.4.0/mkmf.rb:370:in 'block (2 levels) in MakeMakefile::Logging.postpone'
	from /usr/local/lib/ruby/3.4.0/mkmf.rb:340:in 'MakeMakefile::Logging.open'
	from /usr/local/lib/ruby/3.4.0/mkmf.rb:370:in 'block in MakeMakefile::Logging.postpone'
	from /usr/local/lib/ruby/3.4.0/mkmf.rb:340:in 'MakeMakefile::Logging.open'
	from /usr/local/lib/ruby/3.4.0/mkmf.rb:366:in 'MakeMakefile::Logging.postpone'
	from /usr/local/lib/ruby/3.4.0/mkmf.rb:1069:in 'MakeMakefile#checking_for'
	from /usr/local/lib/ruby/3.4.0/mkmf.rb:1294:in 'MakeMakefile#find_header'
	from extconf.rb:87:in '<main>'

To see why this extension failed to compile, please check the mkmf.log which can be found here:

  /app/bundle/ruby/3.4.0/extensions/x86_64-linux/3.4.0/pg-1.5.9/mkmf.log

extconf failed, exit code 1
